ARM GAS  /tmp/cck3DbDm.s 			page 1


   1              		.cpu cortex-m4
   2              		.arch armv7e-m
   3              		.fpu fpv4-sp-d16
   4              		.eabi_attribute 27, 1
   5              		.eabi_attribute 28, 1
   6              		.eabi_attribute 20, 1
   7              		.eabi_attribute 21, 1
   8              		.eabi_attribute 23, 3
   9              		.eabi_attribute 24, 1
  10              		.eabi_attribute 25, 1
  11              		.eabi_attribute 26, 1
  12              		.eabi_attribute 30, 1
  13              		.eabi_attribute 34, 1
  14              		.eabi_attribute 18, 4
  15              		.file	"adc.c"
  16              		.text
  17              	.Ltext0:
  18              		.cfi_sections	.debug_frame
  19              		.file 1 "Core/Src/adc.c"
  20              		.section	.text.MX_ADC1_Init,"ax",%progbits
  21              		.align	1
  22              		.global	MX_ADC1_Init
  23              		.syntax unified
  24              		.thumb
  25              		.thumb_func
  27              	MX_ADC1_Init:
  28              	.LFB239:
   1:Core/Src/adc.c **** /* USER CODE BEGIN Header */
   2:Core/Src/adc.c **** /**
   3:Core/Src/adc.c ****   ******************************************************************************
   4:Core/Src/adc.c ****   * @file    adc.c
   5:Core/Src/adc.c ****   * @brief   This file provides code for the configuration
   6:Core/Src/adc.c ****   *          of the ADC instances.
   7:Core/Src/adc.c ****   ******************************************************************************
   8:Core/Src/adc.c ****   * @attention
   9:Core/Src/adc.c ****   *
  10:Core/Src/adc.c ****   * Copyright (c) 2026 STMicroelectronics.
  11:Core/Src/adc.c ****   * All rights reserved.
  12:Core/Src/adc.c ****   *
  13:Core/Src/adc.c ****   * This software is licensed under terms that can be found in the LICENSE file
  14:Core/Src/adc.c ****   * in the root directory of this software component.
  15:Core/Src/adc.c ****   * If no LICENSE file comes with this software, it is provided AS-IS.
  16:Core/Src/adc.c ****   *
  17:Core/Src/adc.c ****   ******************************************************************************
  18:Core/Src/adc.c ****   */
  19:Core/Src/adc.c **** /* USER CODE END Header */
  20:Core/Src/adc.c **** /* Includes ------------------------------------------------------------------*/
  21:Core/Src/adc.c **** #include "adc.h"
  22:Core/Src/adc.c **** 
  23:Core/Src/adc.c **** /* USER CODE BEGIN 0 */
  24:Core/Src/adc.c **** 
  25:Core/Src/adc.c **** /* USER CODE END 0 */
  26:Core/Src/adc.c **** 
  27:Core/Src/adc.c **** ADC_HandleTypeDef hadc1;
  28:Core/Src/adc.c **** DMA_HandleTypeDef hdma_adc1;
  29:Core/Src/adc.c **** 
  30:Core/Src/adc.c **** /* ADC1 init function */
ARM GAS  /tmp/cck3DbDm.s 			page 2


  31:Core/Src/adc.c **** void MX_ADC1_Init(void)
  32:Core/Src/adc.c **** {
  29              		.loc 1 32 1 view -0
  30              		.cfi_startproc
  31              		@ args = 0, pretend = 0, frame = 16
  32              		@ frame_needed = 0, uses_anonymous_args = 0
  33 0000 00B5     		push	{lr}
  34              	.LCFI0:
  35              		.cfi_def_cfa_offset 4
  36              		.cfi_offset 14, -4
  37 0002 85B0     		sub	sp, sp, #20
  38              	.LCFI1:
  39              		.cfi_def_cfa_offset 24
  33:Core/Src/adc.c **** 
  34:Core/Src/adc.c ****   /* USER CODE BEGIN ADC1_Init 0 */
  35:Core/Src/adc.c **** 
  36:Core/Src/adc.c ****   /* USER CODE END ADC1_Init 0 */
  37:Core/Src/adc.c **** 
  38:Core/Src/adc.c ****   ADC_ChannelConfTypeDef sConfig = {0};
  40              		.loc 1 38 3 view .LVU1
  41              		.loc 1 38 26 is_stmt 0 view .LVU2
  42 0004 0023     		movs	r3, #0
  43 0006 0093     		str	r3, [sp]
  44 0008 0193     		str	r3, [sp, #4]
  45 000a 0293     		str	r3, [sp, #8]
  46 000c 0393     		str	r3, [sp, #12]
  39:Core/Src/adc.c **** 
  40:Core/Src/adc.c ****   /* USER CODE BEGIN ADC1_Init 1 */
  41:Core/Src/adc.c **** 
  42:Core/Src/adc.c ****   /* USER CODE END ADC1_Init 1 */
  43:Core/Src/adc.c **** 
  44:Core/Src/adc.c ****   /** Configure the global features of the ADC (Clock, Resolution, Data Alignment and number of con
  45:Core/Src/adc.c ****   */
  46:Core/Src/adc.c ****   hadc1.Instance = ADC1;
  47              		.loc 1 46 3 is_stmt 1 view .LVU3
  48              		.loc 1 46 18 is_stmt 0 view .LVU4
  49 000e 2948     		ldr	r0, .L15
  50 0010 294A     		ldr	r2, .L15+4
  51 0012 0260     		str	r2, [r0]
  47:Core/Src/adc.c ****   hadc1.Init.ClockPrescaler = ADC_CLOCK_SYNC_PCLK_DIV4;
  52              		.loc 1 47 3 is_stmt 1 view .LVU5
  53              		.loc 1 47 29 is_stmt 0 view .LVU6
  54 0014 4FF48032 		mov	r2, #65536
  55 0018 4260     		str	r2, [r0, #4]
  48:Core/Src/adc.c ****   hadc1.Init.Resolution = ADC_RESOLUTION_12B;
  56              		.loc 1 48 3 is_stmt 1 view .LVU7
  57              		.loc 1 48 25 is_stmt 0 view .LVU8
  58 001a 8360     		str	r3, [r0, #8]
  49:Core/Src/adc.c ****   hadc1.Init.ScanConvMode = ENABLE;
  59              		.loc 1 49 3 is_stmt 1 view .LVU9
  60              		.loc 1 49 27 is_stmt 0 view .LVU10
  61 001c 0122     		movs	r2, #1
  62 001e 0261     		str	r2, [r0, #16]
  50:Core/Src/adc.c ****   hadc1.Init.ContinuousConvMode = ENABLE;
  63              		.loc 1 50 3 is_stmt 1 view .LVU11
  64              		.loc 1 50 33 is_stmt 0 view .LVU12
  65 0020 0276     		strb	r2, [r0, #24]
ARM GAS  /tmp/cck3DbDm.s 			page 3


  51:Core/Src/adc.c ****   hadc1.Init.DiscontinuousConvMode = DISABLE;
  66              		.loc 1 51 3 is_stmt 1 view .LVU13
  67              		.loc 1 51 36 is_stmt 0 view .LVU14
  68 0022 80F82030 		strb	r3, [r0, #32]
  52:Core/Src/adc.c ****   hadc1.Init.ExternalTrigConvEdge = ADC_EXTERNALTRIGCONVEDGE_NONE;
  69              		.loc 1 52 3 is_stmt 1 view .LVU15
  70              		.loc 1 52 35 is_stmt 0 view .LVU16
  71 0026 C362     		str	r3, [r0, #44]
  53:Core/Src/adc.c ****   hadc1.Init.ExternalTrigConv = ADC_SOFTWARE_START;
  72              		.loc 1 53 3 is_stmt 1 view .LVU17
  73              		.loc 1 53 31 is_stmt 0 view .LVU18
  74 0028 2449     		ldr	r1, .L15+8
  75 002a 8162     		str	r1, [r0, #40]
  54:Core/Src/adc.c ****   hadc1.Init.DataAlign = ADC_DATAALIGN_RIGHT;
  76              		.loc 1 54 3 is_stmt 1 view .LVU19
  77              		.loc 1 54 24 is_stmt 0 view .LVU20
  78 002c C360     		str	r3, [r0, #12]
  55:Core/Src/adc.c ****   hadc1.Init.NbrOfConversion = 5;
  79              		.loc 1 55 3 is_stmt 1 view .LVU21
  80              		.loc 1 55 30 is_stmt 0 view .LVU22
  81 002e 0521     		movs	r1, #5
  82 0030 C161     		str	r1, [r0, #28]
  56:Core/Src/adc.c ****   hadc1.Init.DMAContinuousRequests = DISABLE;
  83              		.loc 1 56 3 is_stmt 1 view .LVU23
  84              		.loc 1 56 36 is_stmt 0 view .LVU24
  85 0032 80F83030 		strb	r3, [r0, #48]
  57:Core/Src/adc.c ****   hadc1.Init.EOCSelection = ADC_EOC_SINGLE_CONV;
  86              		.loc 1 57 3 is_stmt 1 view .LVU25
  87              		.loc 1 57 27 is_stmt 0 view .LVU26
  88 0036 4261     		str	r2, [r0, #20]
  58:Core/Src/adc.c ****   if (HAL_ADC_Init(&hadc1) != HAL_OK)
  89              		.loc 1 58 3 is_stmt 1 view .LVU27
  90              		.loc 1 58 7 is_stmt 0 view .LVU28
  91 0038 FFF7FEFF 		bl	HAL_ADC_Init
  92              	.LVL0:
  93              		.loc 1 58 6 discriminator 1 view .LVU29
  94 003c 40BB     		cbnz	r0, .L9
  95              	.L2:
  59:Core/Src/adc.c ****   {
  60:Core/Src/adc.c ****     Error_Handler();
  61:Core/Src/adc.c ****   }
  62:Core/Src/adc.c **** 
  63:Core/Src/adc.c ****   /** Configure for the selected ADC regular channel its corresponding rank in the sequencer and it
  64:Core/Src/adc.c ****   */
  65:Core/Src/adc.c ****   sConfig.Channel = ADC_CHANNEL_0;
  96              		.loc 1 65 3 is_stmt 1 view .LVU30
  97              		.loc 1 65 19 is_stmt 0 view .LVU31
  98 003e 0023     		movs	r3, #0
  99 0040 0093     		str	r3, [sp]
  66:Core/Src/adc.c ****   sConfig.Rank = 1;
 100              		.loc 1 66 3 is_stmt 1 view .LVU32
 101              		.loc 1 66 16 is_stmt 0 view .LVU33
 102 0042 0123     		movs	r3, #1
 103 0044 0193     		str	r3, [sp, #4]
  67:Core/Src/adc.c ****   sConfig.SamplingTime = ADC_SAMPLETIME_84CYCLES;
 104              		.loc 1 67 3 is_stmt 1 view .LVU34
 105              		.loc 1 67 24 is_stmt 0 view .LVU35
ARM GAS  /tmp/cck3DbDm.s 			page 4


 106 0046 0423     		movs	r3, #4
 107 0048 0293     		str	r3, [sp, #8]
  68:Core/Src/adc.c ****   if (HAL_ADC_ConfigChannel(&hadc1, &sConfig) != HAL_OK)
 108              		.loc 1 68 3 is_stmt 1 view .LVU36
 109              		.loc 1 68 7 is_stmt 0 view .LVU37
 110 004a 6946     		mov	r1, sp
 111 004c 1948     		ldr	r0, .L15
 112 004e FFF7FEFF 		bl	HAL_ADC_ConfigChannel
 113              	.LVL1:
 114              		.loc 1 68 6 discriminator 1 view .LVU38
 115 0052 00BB     		cbnz	r0, .L10
 116              	.L3:
  69:Core/Src/adc.c ****   {
  70:Core/Src/adc.c ****     Error_Handler();
  71:Core/Src/adc.c ****   }
  72:Core/Src/adc.c **** 
  73:Core/Src/adc.c ****   /** Configure for the selected ADC regular channel its corresponding rank in the sequencer and it
  74:Core/Src/adc.c ****   */
  75:Core/Src/adc.c ****   sConfig.Rank = 2;
 117              		.loc 1 75 3 is_stmt 1 view .LVU39
 118              		.loc 1 75 16 is_stmt 0 view .LVU40
 119 0054 0223     		movs	r3, #2
 120 0056 0193     		str	r3, [sp, #4]
  76:Core/Src/adc.c ****   if (HAL_ADC_ConfigChannel(&hadc1, &sConfig) != HAL_OK)
 121              		.loc 1 76 3 is_stmt 1 view .LVU41
 122              		.loc 1 76 7 is_stmt 0 view .LVU42
 123 0058 6946     		mov	r1, sp
 124 005a 1648     		ldr	r0, .L15
 125 005c FFF7FEFF 		bl	HAL_ADC_ConfigChannel
 126              	.LVL2:
 127              		.loc 1 76 6 discriminator 1 view .LVU43
 128 0060 E0B9     		cbnz	r0, .L11
 129              	.L4:
  77:Core/Src/adc.c ****   {
  78:Core/Src/adc.c ****     Error_Handler();
  79:Core/Src/adc.c ****   }
  80:Core/Src/adc.c **** 
  81:Core/Src/adc.c ****   /** Configure for the selected ADC regular channel its corresponding rank in the sequencer and it
  82:Core/Src/adc.c ****   */
  83:Core/Src/adc.c ****   sConfig.Rank = 3;
 130              		.loc 1 83 3 is_stmt 1 view .LVU44
 131              		.loc 1 83 16 is_stmt 0 view .LVU45
 132 0062 0323     		movs	r3, #3
 133 0064 0193     		str	r3, [sp, #4]
  84:Core/Src/adc.c ****   if (HAL_ADC_ConfigChannel(&hadc1, &sConfig) != HAL_OK)
 134              		.loc 1 84 3 is_stmt 1 view .LVU46
 135              		.loc 1 84 7 is_stmt 0 view .LVU47
 136 0066 6946     		mov	r1, sp
 137 0068 1248     		ldr	r0, .L15
 138 006a FFF7FEFF 		bl	HAL_ADC_ConfigChannel
 139              	.LVL3:
 140              		.loc 1 84 6 discriminator 1 view .LVU48
 141 006e C0B9     		cbnz	r0, .L12
 142              	.L5:
  85:Core/Src/adc.c ****   {
  86:Core/Src/adc.c ****     Error_Handler();
  87:Core/Src/adc.c ****   }
ARM GAS  /tmp/cck3DbDm.s 			page 5


  88:Core/Src/adc.c **** 
  89:Core/Src/adc.c ****   /** Configure for the selected ADC regular channel its corresponding rank in the sequencer and it
  90:Core/Src/adc.c ****   */
  91:Core/Src/adc.c ****   sConfig.Rank = 4;
 143              		.loc 1 91 3 is_stmt 1 view .LVU49
 144              		.loc 1 91 16 is_stmt 0 view .LVU50
 145 0070 0423     		movs	r3, #4
 146 0072 0193     		str	r3, [sp, #4]
  92:Core/Src/adc.c ****   if (HAL_ADC_ConfigChannel(&hadc1, &sConfig) != HAL_OK)
 147              		.loc 1 92 3 is_stmt 1 view .LVU51
 148              		.loc 1 92 7 is_stmt 0 view .LVU52
 149 0074 6946     		mov	r1, sp
 150 0076 0F48     		ldr	r0, .L15
 151 0078 FFF7FEFF 		bl	HAL_ADC_ConfigChannel
 152              	.LVL4:
 153              		.loc 1 92 6 discriminator 1 view .LVU53
 154 007c A0B9     		cbnz	r0, .L13
 155              	.L6:
  93:Core/Src/adc.c ****   {
  94:Core/Src/adc.c ****     Error_Handler();
  95:Core/Src/adc.c ****   }
  96:Core/Src/adc.c **** 
  97:Core/Src/adc.c ****   /** Configure for the selected ADC regular channel its corresponding rank in the sequencer and it
  98:Core/Src/adc.c ****   */
  99:Core/Src/adc.c ****   sConfig.Rank = 5;
 156              		.loc 1 99 3 is_stmt 1 view .LVU54
 157              		.loc 1 99 16 is_stmt 0 view .LVU55
 158 007e 0523     		movs	r3, #5
 159 0080 0193     		str	r3, [sp, #4]
 100:Core/Src/adc.c ****   if (HAL_ADC_ConfigChannel(&hadc1, &sConfig) != HAL_OK)
 160              		.loc 1 100 3 is_stmt 1 view .LVU56
 161              		.loc 1 100 7 is_stmt 0 view .LVU57
 162 0082 6946     		mov	r1, sp
 163 0084 0B48     		ldr	r0, .L15
 164 0086 FFF7FEFF 		bl	HAL_ADC_ConfigChannel
 165              	.LVL5:
 166              		.loc 1 100 6 discriminator 1 view .LVU58
 167 008a 80B9     		cbnz	r0, .L14
 168              	.L1:
 101:Core/Src/adc.c ****   {
 102:Core/Src/adc.c ****     Error_Handler();
 103:Core/Src/adc.c ****   }
 104:Core/Src/adc.c ****   /* USER CODE BEGIN ADC1_Init 2 */
 105:Core/Src/adc.c **** 
 106:Core/Src/adc.c ****   /* USER CODE END ADC1_Init 2 */
 107:Core/Src/adc.c **** 
 108:Core/Src/adc.c **** }
 169              		.loc 1 108 1 view .LVU59
 170 008c 05B0     		add	sp, sp, #20
 171              	.LCFI2:
 172              		.cfi_remember_state
 173              		.cfi_def_cfa_offset 4
 174              		@ sp needed
 175 008e 00BD     		pop	{pc}
 176              	.L9:
 177              	.LCFI3:
 178              		.cfi_restore_state
ARM GAS  /tmp/cck3DbDm.s 			page 6


  60:Core/Src/adc.c ****   }
 179              		.loc 1 60 5 is_stmt 1 view .LVU60
 180 0090 FFF7FEFF 		bl	Error_Handler
 181              	.LVL6:
 182 0094 D3E7     		b	.L2
 183              	.L10:
  70:Core/Src/adc.c ****   }
 184              		.loc 1 70 5 view .LVU61
 185 0096 FFF7FEFF 		bl	Error_Handler
 186              	.LVL7:
 187 009a DBE7     		b	.L3
 188              	.L11:
  78:Core/Src/adc.c ****   }
 189              		.loc 1 78 5 view .LVU62
 190 009c FFF7FEFF 		bl	Error_Handler
 191              	.LVL8:
 192 00a0 DFE7     		b	.L4
 193              	.L12:
  86:Core/Src/adc.c ****   }
 194              		.loc 1 86 5 view .LVU63
 195 00a2 FFF7FEFF 		bl	Error_Handler
 196              	.LVL9:
 197 00a6 E3E7     		b	.L5
 198              	.L13:
  94:Core/Src/adc.c ****   }
 199              		.loc 1 94 5 view .LVU64
 200 00a8 FFF7FEFF 		bl	Error_Handler
 201              	.LVL10:
 202 00ac E7E7     		b	.L6
 203              	.L14:
 102:Core/Src/adc.c ****   }
 204              		.loc 1 102 5 view .LVU65
 205 00ae FFF7FEFF 		bl	Error_Handler
 206              	.LVL11:
 207              		.loc 1 108 1 is_stmt 0 view .LVU66
 208 00b2 EBE7     		b	.L1
 209              	.L16:
 210              		.align	2
 211              	.L15:
 212 00b4 00000000 		.word	hadc1
 213 00b8 00200140 		.word	1073815552
 214 00bc 0100000F 		.word	251658241
 215              		.cfi_endproc
 216              	.LFE239:
 218              		.section	.text.HAL_ADC_MspInit,"ax",%progbits
 219              		.align	1
 220              		.global	HAL_ADC_MspInit
 221              		.syntax unified
 222              		.thumb
 223              		.thumb_func
 225              	HAL_ADC_MspInit:
 226              	.LVL12:
 227              	.LFB240:
 109:Core/Src/adc.c **** 
 110:Core/Src/adc.c **** void HAL_ADC_MspInit(ADC_HandleTypeDef* adcHandle)
 111:Core/Src/adc.c **** {
 228              		.loc 1 111 1 is_stmt 1 view -0
ARM GAS  /tmp/cck3DbDm.s 			page 7


 229              		.cfi_startproc
 230              		@ args = 0, pretend = 0, frame = 32
 231              		@ frame_needed = 0, uses_anonymous_args = 0
 232              		.loc 1 111 1 is_stmt 0 view .LVU68
 233 0000 30B5     		push	{r4, r5, lr}
 234              	.LCFI4:
 235              		.cfi_def_cfa_offset 12
 236              		.cfi_offset 4, -12
 237              		.cfi_offset 5, -8
 238              		.cfi_offset 14, -4
 239 0002 89B0     		sub	sp, sp, #36
 240              	.LCFI5:
 241              		.cfi_def_cfa_offset 48
 112:Core/Src/adc.c **** 
 113:Core/Src/adc.c ****   GPIO_InitTypeDef GPIO_InitStruct = {0};
 242              		.loc 1 113 3 is_stmt 1 view .LVU69
 243              		.loc 1 113 20 is_stmt 0 view .LVU70
 244 0004 0023     		movs	r3, #0
 245 0006 0393     		str	r3, [sp, #12]
 246 0008 0493     		str	r3, [sp, #16]
 247 000a 0593     		str	r3, [sp, #20]
 248 000c 0693     		str	r3, [sp, #24]
 249 000e 0793     		str	r3, [sp, #28]
 114:Core/Src/adc.c ****   if(adcHandle->Instance==ADC1)
 250              		.loc 1 114 3 is_stmt 1 view .LVU71
 251              		.loc 1 114 15 is_stmt 0 view .LVU72
 252 0010 0268     		ldr	r2, [r0]
 253              		.loc 1 114 5 view .LVU73
 254 0012 03F18043 		add	r3, r3, #1073741824
 255 0016 03F59033 		add	r3, r3, #73728
 256 001a 9A42     		cmp	r2, r3
 257 001c 01D0     		beq	.L21
 258              	.LVL13:
 259              	.L17:
 115:Core/Src/adc.c ****   {
 116:Core/Src/adc.c ****   /* USER CODE BEGIN ADC1_MspInit 0 */
 117:Core/Src/adc.c **** 
 118:Core/Src/adc.c ****   /* USER CODE END ADC1_MspInit 0 */
 119:Core/Src/adc.c ****     /* ADC1 clock enable */
 120:Core/Src/adc.c ****     __HAL_RCC_ADC1_CLK_ENABLE();
 121:Core/Src/adc.c **** 
 122:Core/Src/adc.c ****     __HAL_RCC_GPIOA_CLK_ENABLE();
 123:Core/Src/adc.c ****     /**ADC1 GPIO Configuration
 124:Core/Src/adc.c ****     PA0-WKUP     ------> ADC1_IN0
 125:Core/Src/adc.c ****     PA1     ------> ADC1_IN1
 126:Core/Src/adc.c ****     PA2     ------> ADC1_IN2
 127:Core/Src/adc.c ****     PA3     ------> ADC1_IN3
 128:Core/Src/adc.c ****     PA4     ------> ADC1_IN4
 129:Core/Src/adc.c ****     */
 130:Core/Src/adc.c ****     GPIO_InitStruct.Pin = GPIO_PIN_0|GPIO_PIN_1|GPIO_PIN_2|GPIO_PIN_3
 131:Core/Src/adc.c ****                           |GPIO_PIN_4;
 132:Core/Src/adc.c ****     GPIO_InitStruct.Mode = GPIO_MODE_ANALOG;
 133:Core/Src/adc.c ****     GPIO_InitStruct.Pull = GPIO_NOPULL;
 134:Core/Src/adc.c ****     HAL_GPIO_Init(GPIOA, &GPIO_InitStruct);
 135:Core/Src/adc.c **** 
 136:Core/Src/adc.c ****     /* ADC1 DMA Init */
 137:Core/Src/adc.c ****     /* ADC1 Init */
ARM GAS  /tmp/cck3DbDm.s 			page 8


 138:Core/Src/adc.c ****     hdma_adc1.Instance = DMA2_Stream0;
 139:Core/Src/adc.c ****     hdma_adc1.Init.Channel = DMA_CHANNEL_0;
 140:Core/Src/adc.c ****     hdma_adc1.Init.Direction = DMA_PERIPH_TO_MEMORY;
 141:Core/Src/adc.c ****     hdma_adc1.Init.PeriphInc = DMA_PINC_DISABLE;
 142:Core/Src/adc.c ****     hdma_adc1.Init.MemInc = DMA_MINC_ENABLE;
 143:Core/Src/adc.c ****     hdma_adc1.Init.PeriphDataAlignment = DMA_PDATAALIGN_HALFWORD;
 144:Core/Src/adc.c ****     hdma_adc1.Init.MemDataAlignment = DMA_MDATAALIGN_HALFWORD;
 145:Core/Src/adc.c ****     hdma_adc1.Init.Mode = DMA_CIRCULAR;
 146:Core/Src/adc.c ****     hdma_adc1.Init.Priority = DMA_PRIORITY_LOW;
 147:Core/Src/adc.c ****     hdma_adc1.Init.FIFOMode = DMA_FIFOMODE_DISABLE;
 148:Core/Src/adc.c ****     if (HAL_DMA_Init(&hdma_adc1) != HAL_OK)
 149:Core/Src/adc.c ****     {
 150:Core/Src/adc.c ****       Error_Handler();
 151:Core/Src/adc.c ****     }
 152:Core/Src/adc.c **** 
 153:Core/Src/adc.c ****     __HAL_LINKDMA(adcHandle,DMA_Handle,hdma_adc1);
 154:Core/Src/adc.c **** 
 155:Core/Src/adc.c ****   /* USER CODE BEGIN ADC1_MspInit 1 */
 156:Core/Src/adc.c **** 
 157:Core/Src/adc.c ****   /* USER CODE END ADC1_MspInit 1 */
 158:Core/Src/adc.c ****   }
 159:Core/Src/adc.c **** }
 260              		.loc 1 159 1 view .LVU74
 261 001e 09B0     		add	sp, sp, #36
 262              	.LCFI6:
 263              		.cfi_remember_state
 264              		.cfi_def_cfa_offset 12
 265              		@ sp needed
 266 0020 30BD     		pop	{r4, r5, pc}
 267              	.LVL14:
 268              	.L21:
 269              	.LCFI7:
 270              		.cfi_restore_state
 271              		.loc 1 159 1 view .LVU75
 272 0022 0446     		mov	r4, r0
 120:Core/Src/adc.c **** 
 273              		.loc 1 120 5 is_stmt 1 view .LVU76
 274              	.LBB2:
 120:Core/Src/adc.c **** 
 275              		.loc 1 120 5 view .LVU77
 276 0024 0025     		movs	r5, #0
 277 0026 0195     		str	r5, [sp, #4]
 120:Core/Src/adc.c **** 
 278              		.loc 1 120 5 view .LVU78
 279 0028 03F58C33 		add	r3, r3, #71680
 280 002c 5A6C     		ldr	r2, [r3, #68]
 281 002e 42F48072 		orr	r2, r2, #256
 282 0032 5A64     		str	r2, [r3, #68]
 120:Core/Src/adc.c **** 
 283              		.loc 1 120 5 view .LVU79
 284 0034 5A6C     		ldr	r2, [r3, #68]
 285 0036 02F48072 		and	r2, r2, #256
 286 003a 0192     		str	r2, [sp, #4]
 120:Core/Src/adc.c **** 
 287              		.loc 1 120 5 view .LVU80
 288 003c 019A     		ldr	r2, [sp, #4]
 289              	.LBE2:
ARM GAS  /tmp/cck3DbDm.s 			page 9


 120:Core/Src/adc.c **** 
 290              		.loc 1 120 5 view .LVU81
 122:Core/Src/adc.c ****     /**ADC1 GPIO Configuration
 291              		.loc 1 122 5 view .LVU82
 292              	.LBB3:
 122:Core/Src/adc.c ****     /**ADC1 GPIO Configuration
 293              		.loc 1 122 5 view .LVU83
 294 003e 0295     		str	r5, [sp, #8]
 122:Core/Src/adc.c ****     /**ADC1 GPIO Configuration
 295              		.loc 1 122 5 view .LVU84
 296 0040 1A6B     		ldr	r2, [r3, #48]
 297 0042 42F00102 		orr	r2, r2, #1
 298 0046 1A63     		str	r2, [r3, #48]
 122:Core/Src/adc.c ****     /**ADC1 GPIO Configuration
 299              		.loc 1 122 5 view .LVU85
 300 0048 1B6B     		ldr	r3, [r3, #48]
 301 004a 03F00103 		and	r3, r3, #1
 302 004e 0293     		str	r3, [sp, #8]
 122:Core/Src/adc.c ****     /**ADC1 GPIO Configuration
 303              		.loc 1 122 5 view .LVU86
 304 0050 029B     		ldr	r3, [sp, #8]
 305              	.LBE3:
 122:Core/Src/adc.c ****     /**ADC1 GPIO Configuration
 306              		.loc 1 122 5 view .LVU87
 130:Core/Src/adc.c ****                           |GPIO_PIN_4;
 307              		.loc 1 130 5 view .LVU88
 130:Core/Src/adc.c ****                           |GPIO_PIN_4;
 308              		.loc 1 130 25 is_stmt 0 view .LVU89
 309 0052 1F23     		movs	r3, #31
 310 0054 0393     		str	r3, [sp, #12]
 132:Core/Src/adc.c ****     GPIO_InitStruct.Pull = GPIO_NOPULL;
 311              		.loc 1 132 5 is_stmt 1 view .LVU90
 132:Core/Src/adc.c ****     GPIO_InitStruct.Pull = GPIO_NOPULL;
 312              		.loc 1 132 26 is_stmt 0 view .LVU91
 313 0056 0323     		movs	r3, #3
 314 0058 0493     		str	r3, [sp, #16]
 133:Core/Src/adc.c ****     HAL_GPIO_Init(GPIOA, &GPIO_InitStruct);
 315              		.loc 1 133 5 is_stmt 1 view .LVU92
 134:Core/Src/adc.c **** 
 316              		.loc 1 134 5 view .LVU93
 317 005a 03A9     		add	r1, sp, #12
 318 005c 1048     		ldr	r0, .L23
 319              	.LVL15:
 134:Core/Src/adc.c **** 
 320              		.loc 1 134 5 is_stmt 0 view .LVU94
 321 005e FFF7FEFF 		bl	HAL_GPIO_Init
 322              	.LVL16:
 138:Core/Src/adc.c ****     hdma_adc1.Init.Channel = DMA_CHANNEL_0;
 323              		.loc 1 138 5 is_stmt 1 view .LVU95
 138:Core/Src/adc.c ****     hdma_adc1.Init.Channel = DMA_CHANNEL_0;
 324              		.loc 1 138 24 is_stmt 0 view .LVU96
 325 0062 1048     		ldr	r0, .L23+4
 326 0064 104B     		ldr	r3, .L23+8
 327 0066 0360     		str	r3, [r0]
 139:Core/Src/adc.c ****     hdma_adc1.Init.Direction = DMA_PERIPH_TO_MEMORY;
 328              		.loc 1 139 5 is_stmt 1 view .LVU97
 139:Core/Src/adc.c ****     hdma_adc1.Init.Direction = DMA_PERIPH_TO_MEMORY;
ARM GAS  /tmp/cck3DbDm.s 			page 10


 329              		.loc 1 139 28 is_stmt 0 view .LVU98
 330 0068 4560     		str	r5, [r0, #4]
 140:Core/Src/adc.c ****     hdma_adc1.Init.PeriphInc = DMA_PINC_DISABLE;
 331              		.loc 1 140 5 is_stmt 1 view .LVU99
 140:Core/Src/adc.c ****     hdma_adc1.Init.PeriphInc = DMA_PINC_DISABLE;
 332              		.loc 1 140 30 is_stmt 0 view .LVU100
 333 006a 8560     		str	r5, [r0, #8]
 141:Core/Src/adc.c ****     hdma_adc1.Init.MemInc = DMA_MINC_ENABLE;
 334              		.loc 1 141 5 is_stmt 1 view .LVU101
 141:Core/Src/adc.c ****     hdma_adc1.Init.MemInc = DMA_MINC_ENABLE;
 335              		.loc 1 141 30 is_stmt 0 view .LVU102
 336 006c C560     		str	r5, [r0, #12]
 142:Core/Src/adc.c ****     hdma_adc1.Init.PeriphDataAlignment = DMA_PDATAALIGN_HALFWORD;
 337              		.loc 1 142 5 is_stmt 1 view .LVU103
 142:Core/Src/adc.c ****     hdma_adc1.Init.PeriphDataAlignment = DMA_PDATAALIGN_HALFWORD;
 338              		.loc 1 142 27 is_stmt 0 view .LVU104
 339 006e 4FF48063 		mov	r3, #1024
 340 0072 0361     		str	r3, [r0, #16]
 143:Core/Src/adc.c ****     hdma_adc1.Init.MemDataAlignment = DMA_MDATAALIGN_HALFWORD;
 341              		.loc 1 143 5 is_stmt 1 view .LVU105
 143:Core/Src/adc.c ****     hdma_adc1.Init.MemDataAlignment = DMA_MDATAALIGN_HALFWORD;
 342              		.loc 1 143 40 is_stmt 0 view .LVU106
 343 0074 4FF40063 		mov	r3, #2048
 344 0078 4361     		str	r3, [r0, #20]
 144:Core/Src/adc.c ****     hdma_adc1.Init.Mode = DMA_CIRCULAR;
 345              		.loc 1 144 5 is_stmt 1 view .LVU107
 144:Core/Src/adc.c ****     hdma_adc1.Init.Mode = DMA_CIRCULAR;
 346              		.loc 1 144 37 is_stmt 0 view .LVU108
 347 007a 4FF40053 		mov	r3, #8192
 348 007e 8361     		str	r3, [r0, #24]
 145:Core/Src/adc.c ****     hdma_adc1.Init.Priority = DMA_PRIORITY_LOW;
 349              		.loc 1 145 5 is_stmt 1 view .LVU109
 145:Core/Src/adc.c ****     hdma_adc1.Init.Priority = DMA_PRIORITY_LOW;
 350              		.loc 1 145 25 is_stmt 0 view .LVU110
 351 0080 4FF48073 		mov	r3, #256
 352 0084 C361     		str	r3, [r0, #28]
 146:Core/Src/adc.c ****     hdma_adc1.Init.FIFOMode = DMA_FIFOMODE_DISABLE;
 353              		.loc 1 146 5 is_stmt 1 view .LVU111
 146:Core/Src/adc.c ****     hdma_adc1.Init.FIFOMode = DMA_FIFOMODE_DISABLE;
 354              		.loc 1 146 29 is_stmt 0 view .LVU112
 355 0086 0562     		str	r5, [r0, #32]
 147:Core/Src/adc.c ****     if (HAL_DMA_Init(&hdma_adc1) != HAL_OK)
 356              		.loc 1 147 5 is_stmt 1 view .LVU113
 147:Core/Src/adc.c ****     if (HAL_DMA_Init(&hdma_adc1) != HAL_OK)
 357              		.loc 1 147 29 is_stmt 0 view .LVU114
 358 0088 4562     		str	r5, [r0, #36]
 148:Core/Src/adc.c ****     {
 359              		.loc 1 148 5 is_stmt 1 view .LVU115
 148:Core/Src/adc.c ****     {
 360              		.loc 1 148 9 is_stmt 0 view .LVU116
 361 008a FFF7FEFF 		bl	HAL_DMA_Init
 362              	.LVL17:
 148:Core/Src/adc.c ****     {
 363              		.loc 1 148 8 discriminator 1 view .LVU117
 364 008e 18B9     		cbnz	r0, .L22
 365              	.L19:
 153:Core/Src/adc.c **** 
ARM GAS  /tmp/cck3DbDm.s 			page 11


 366              		.loc 1 153 5 is_stmt 1 view .LVU118
 153:Core/Src/adc.c **** 
 367              		.loc 1 153 5 view .LVU119
 368 0090 044B     		ldr	r3, .L23+4
 369 0092 A363     		str	r3, [r4, #56]
 153:Core/Src/adc.c **** 
 370              		.loc 1 153 5 view .LVU120
 371 0094 9C63     		str	r4, [r3, #56]
 153:Core/Src/adc.c **** 
 372              		.loc 1 153 5 view .LVU121
 373              		.loc 1 159 1 is_stmt 0 view .LVU122
 374 0096 C2E7     		b	.L17
 375              	.L22:
 150:Core/Src/adc.c ****     }
 376              		.loc 1 150 7 is_stmt 1 view .LVU123
 377 0098 FFF7FEFF 		bl	Error_Handler
 378              	.LVL18:
 379 009c F8E7     		b	.L19
 380              	.L24:
 381 009e 00BF     		.align	2
 382              	.L23:
 383 00a0 00000240 		.word	1073872896
 384 00a4 00000000 		.word	hdma_adc1
 385 00a8 10640240 		.word	1073898512
 386              		.cfi_endproc
 387              	.LFE240:
 389              		.section	.text.HAL_ADC_MspDeInit,"ax",%progbits
 390              		.align	1
 391              		.global	HAL_ADC_MspDeInit
 392              		.syntax unified
 393              		.thumb
 394              		.thumb_func
 396              	HAL_ADC_MspDeInit:
 397              	.LVL19:
 398              	.LFB241:
 160:Core/Src/adc.c **** 
 161:Core/Src/adc.c **** void HAL_ADC_MspDeInit(ADC_HandleTypeDef* adcHandle)
 162:Core/Src/adc.c **** {
 399              		.loc 1 162 1 view -0
 400              		.cfi_startproc
 401              		@ args = 0, pretend = 0, frame = 0
 402              		@ frame_needed = 0, uses_anonymous_args = 0
 163:Core/Src/adc.c **** 
 164:Core/Src/adc.c ****   if(adcHandle->Instance==ADC1)
 403              		.loc 1 164 3 view .LVU125
 404              		.loc 1 164 15 is_stmt 0 view .LVU126
 405 0000 0268     		ldr	r2, [r0]
 406              		.loc 1 164 5 view .LVU127
 407 0002 094B     		ldr	r3, .L32
 408 0004 9A42     		cmp	r2, r3
 409 0006 00D0     		beq	.L31
 410 0008 7047     		bx	lr
 411              	.L31:
 162:Core/Src/adc.c **** 
 412              		.loc 1 162 1 view .LVU128
 413 000a 10B5     		push	{r4, lr}
 414              	.LCFI8:
ARM GAS  /tmp/cck3DbDm.s 			page 12


 415              		.cfi_def_cfa_offset 8
 416              		.cfi_offset 4, -8
 417              		.cfi_offset 14, -4
 418 000c 0446     		mov	r4, r0
 165:Core/Src/adc.c ****   {
 166:Core/Src/adc.c ****   /* USER CODE BEGIN ADC1_MspDeInit 0 */
 167:Core/Src/adc.c **** 
 168:Core/Src/adc.c ****   /* USER CODE END ADC1_MspDeInit 0 */
 169:Core/Src/adc.c ****     /* Peripheral clock disable */
 170:Core/Src/adc.c ****     __HAL_RCC_ADC1_CLK_DISABLE();
 419              		.loc 1 170 5 is_stmt 1 view .LVU129
 420 000e 074A     		ldr	r2, .L32+4
 421 0010 536C     		ldr	r3, [r2, #68]
 422 0012 23F48073 		bic	r3, r3, #256
 423 0016 5364     		str	r3, [r2, #68]
 171:Core/Src/adc.c **** 
 172:Core/Src/adc.c ****     /**ADC1 GPIO Configuration
 173:Core/Src/adc.c ****     PA0-WKUP     ------> ADC1_IN0
 174:Core/Src/adc.c ****     PA1     ------> ADC1_IN1
 175:Core/Src/adc.c ****     PA2     ------> ADC1_IN2
 176:Core/Src/adc.c ****     PA3     ------> ADC1_IN3
 177:Core/Src/adc.c ****     PA4     ------> ADC1_IN4
 178:Core/Src/adc.c ****     */
 179:Core/Src/adc.c ****     HAL_GPIO_DeInit(GPIOA, GPIO_PIN_0|GPIO_PIN_1|GPIO_PIN_2|GPIO_PIN_3
 424              		.loc 1 179 5 view .LVU130
 425 0018 1F21     		movs	r1, #31
 426 001a 0548     		ldr	r0, .L32+8
 427              	.LVL20:
 428              		.loc 1 179 5 is_stmt 0 view .LVU131
 429 001c FFF7FEFF 		bl	HAL_GPIO_DeInit
 430              	.LVL21:
 180:Core/Src/adc.c ****                           |GPIO_PIN_4);
 181:Core/Src/adc.c **** 
 182:Core/Src/adc.c ****     /* ADC1 DMA DeInit */
 183:Core/Src/adc.c ****     HAL_DMA_DeInit(adcHandle->DMA_Handle);
 431              		.loc 1 183 5 is_stmt 1 view .LVU132
 432 0020 A06B     		ldr	r0, [r4, #56]
 433 0022 FFF7FEFF 		bl	HAL_DMA_DeInit
 434              	.LVL22:
 184:Core/Src/adc.c ****   /* USER CODE BEGIN ADC1_MspDeInit 1 */
 185:Core/Src/adc.c **** 
 186:Core/Src/adc.c ****   /* USER CODE END ADC1_MspDeInit 1 */
 187:Core/Src/adc.c ****   }
 188:Core/Src/adc.c **** }
 435              		.loc 1 188 1 is_stmt 0 view .LVU133
 436 0026 10BD     		pop	{r4, pc}
 437              	.LVL23:
 438              	.L33:
 439              		.loc 1 188 1 view .LVU134
 440              		.align	2
 441              	.L32:
 442 0028 00200140 		.word	1073815552
 443 002c 00380240 		.word	1073887232
 444 0030 00000240 		.word	1073872896
 445              		.cfi_endproc
 446              	.LFE241:
 448              		.global	hdma_adc1
ARM GAS  /tmp/cck3DbDm.s 			page 13


 449              		.section	.bss.hdma_adc1,"aw",%nobits
 450              		.align	2
 453              	hdma_adc1:
 454 0000 00000000 		.space	96
 454      00000000 
 454      00000000 
 454      00000000 
 454      00000000 
 455              		.global	hadc1
 456              		.section	.bss.hadc1,"aw",%nobits
 457              		.align	2
 460              	hadc1:
 461 0000 00000000 		.space	72
 461      00000000 
 461      00000000 
 461      00000000 
 461      00000000 
 462              		.text
 463              	.Letext0:
 464              		.file 2 "/opt/arm-gnu-toolchain-15.2.rel1-x86_64-arm-none-eabi/arm-none-eabi/include/machine/_defa
 465              		.file 3 "/opt/arm-gnu-toolchain-15.2.rel1-x86_64-arm-none-eabi/arm-none-eabi/include/sys/_stdint.h
 466              		.file 4 "Drivers/CMSIS/Device/ST/STM32F4xx/Include/stm32f405xx.h"
 467              		.file 5 "Drivers/CMSIS/Device/ST/STM32F4xx/Include/stm32f4xx.h"
 468              		.file 6 "Drivers/STM32F4xx_HAL_Driver/Inc/stm32f4xx_hal_def.h"
 469              		.file 7 "Drivers/STM32F4xx_HAL_Driver/Inc/stm32f4xx_hal_gpio.h"
 470              		.file 8 "Drivers/STM32F4xx_HAL_Driver/Inc/stm32f4xx_hal_dma.h"
 471              		.file 9 "Drivers/STM32F4xx_HAL_Driver/Inc/stm32f4xx_hal_adc.h"
 472              		.file 10 "Core/Inc/adc.h"
 473              		.file 11 "Core/Inc/main.h"
ARM GAS  /tmp/cck3DbDm.s 			page 14


DEFINED SYMBOLS
                            *ABS*:00000000 adc.c
     /tmp/cck3DbDm.s:21     .text.MX_ADC1_Init:00000000 $t
     /tmp/cck3DbDm.s:27     .text.MX_ADC1_Init:00000000 MX_ADC1_Init
     /tmp/cck3DbDm.s:212    .text.MX_ADC1_Init:000000b4 $d
     /tmp/cck3DbDm.s:460    .bss.hadc1:00000000 hadc1
     /tmp/cck3DbDm.s:219    .text.HAL_ADC_MspInit:00000000 $t
     /tmp/cck3DbDm.s:225    .text.HAL_ADC_MspInit:00000000 HAL_ADC_MspInit
     /tmp/cck3DbDm.s:383    .text.HAL_ADC_MspInit:000000a0 $d
     /tmp/cck3DbDm.s:453    .bss.hdma_adc1:00000000 hdma_adc1
     /tmp/cck3DbDm.s:390    .text.HAL_ADC_MspDeInit:00000000 $t
     /tmp/cck3DbDm.s:396    .text.HAL_ADC_MspDeInit:00000000 HAL_ADC_MspDeInit
     /tmp/cck3DbDm.s:442    .text.HAL_ADC_MspDeInit:00000028 $d
     /tmp/cck3DbDm.s:450    .bss.hdma_adc1:00000000 $d
     /tmp/cck3DbDm.s:457    .bss.hadc1:00000000 $d

UNDEFINED SYMBOLS
HAL_ADC_Init
HAL_ADC_ConfigChannel
Error_Handler
HAL_GPIO_Init
HAL_DMA_Init
HAL_GPIO_DeInit
HAL_DMA_DeInit
