ARM GAS  /tmp/ccEYT8Hw.s 			page 1


   1              		.cpu cortex-m4
   2              		.arch armv7e-m
   3              		.fpu fpv4-sp-d16
   4              		.eabi_attribute 27, 1
   5              		.eabi_attribute 28, 1
   6              		.eabi_attribute 20, 1
   7              		.eabi_attribute 21, 1
   8              		.eabi_attribute 23, 3
   9              		.eabi_attribute 24, 1
  10              		.eabi_attribute 25, 1
  11              		.eabi_attribute 26, 1
  12              		.eabi_attribute 30, 1
  13              		.eabi_attribute 34, 1
  14              		.eabi_attribute 18, 4
  15              		.file	"gpio.c"
  16              		.text
  17              	.Ltext0:
  18              		.cfi_sections	.debug_frame
  19              		.file 1 "Core/Src/gpio.c"
  20              		.section	.text.MX_GPIO_Init,"ax",%progbits
  21              		.align	1
  22              		.global	MX_GPIO_Init
  23              		.syntax unified
  24              		.thumb
  25              		.thumb_func
  27              	MX_GPIO_Init:
  28              	.LFB239:
   1:Core/Src/gpio.c **** /* USER CODE BEGIN Header */
   2:Core/Src/gpio.c **** /**
   3:Core/Src/gpio.c ****   ******************************************************************************
   4:Core/Src/gpio.c ****   * @file    gpio.c
   5:Core/Src/gpio.c ****   * @brief   This file provides code for the configuration
   6:Core/Src/gpio.c ****   *          of all used GPIO pins.
   7:Core/Src/gpio.c ****   ******************************************************************************
   8:Core/Src/gpio.c ****   * @attention
   9:Core/Src/gpio.c ****   *
  10:Core/Src/gpio.c ****   * Copyright (c) 2026 STMicroelectronics.
  11:Core/Src/gpio.c ****   * All rights reserved.
  12:Core/Src/gpio.c ****   *
  13:Core/Src/gpio.c ****   * This software is licensed under terms that can be found in the LICENSE file
  14:Core/Src/gpio.c ****   * in the root directory of this software component.
  15:Core/Src/gpio.c ****   * If no LICENSE file comes with this software, it is provided AS-IS.
  16:Core/Src/gpio.c ****   *
  17:Core/Src/gpio.c ****   ******************************************************************************
  18:Core/Src/gpio.c ****   */
  19:Core/Src/gpio.c **** /* USER CODE END Header */
  20:Core/Src/gpio.c **** 
  21:Core/Src/gpio.c **** /* Includes ------------------------------------------------------------------*/
  22:Core/Src/gpio.c **** #include "gpio.h"
  23:Core/Src/gpio.c **** 
  24:Core/Src/gpio.c **** /* USER CODE BEGIN 0 */
  25:Core/Src/gpio.c **** 
  26:Core/Src/gpio.c **** /* USER CODE END 0 */
  27:Core/Src/gpio.c **** 
  28:Core/Src/gpio.c **** /*----------------------------------------------------------------------------*/
  29:Core/Src/gpio.c **** /* Configure GPIO                                                             */
  30:Core/Src/gpio.c **** /*----------------------------------------------------------------------------*/
ARM GAS  /tmp/ccEYT8Hw.s 			page 2


  31:Core/Src/gpio.c **** /* USER CODE BEGIN 1 */
  32:Core/Src/gpio.c **** 
  33:Core/Src/gpio.c **** /* USER CODE END 1 */
  34:Core/Src/gpio.c **** 
  35:Core/Src/gpio.c **** /** Configure pins as
  36:Core/Src/gpio.c ****         * Analog
  37:Core/Src/gpio.c ****         * Input
  38:Core/Src/gpio.c ****         * Output
  39:Core/Src/gpio.c ****         * EVENT_OUT
  40:Core/Src/gpio.c ****         * EXTI
  41:Core/Src/gpio.c **** */
  42:Core/Src/gpio.c **** void MX_GPIO_Init(void)
  43:Core/Src/gpio.c **** {
  29              		.loc 1 43 1 view -0
  30              		.cfi_startproc
  31              		@ args = 0, pretend = 0, frame = 32
  32              		@ frame_needed = 0, uses_anonymous_args = 0
  33 0000 70B5     		push	{r4, r5, r6, lr}
  34              	.LCFI0:
  35              		.cfi_def_cfa_offset 16
  36              		.cfi_offset 4, -16
  37              		.cfi_offset 5, -12
  38              		.cfi_offset 6, -8
  39              		.cfi_offset 14, -4
  40 0002 88B0     		sub	sp, sp, #32
  41              	.LCFI1:
  42              		.cfi_def_cfa_offset 48
  44:Core/Src/gpio.c **** 
  45:Core/Src/gpio.c ****   GPIO_InitTypeDef GPIO_InitStruct = {0};
  43              		.loc 1 45 3 view .LVU1
  44              		.loc 1 45 20 is_stmt 0 view .LVU2
  45 0004 03AD     		add	r5, sp, #12
  46 0006 0024     		movs	r4, #0
  47 0008 0394     		str	r4, [sp, #12]
  48 000a 0494     		str	r4, [sp, #16]
  49 000c 0594     		str	r4, [sp, #20]
  50 000e 0694     		str	r4, [sp, #24]
  51 0010 0794     		str	r4, [sp, #28]
  46:Core/Src/gpio.c **** 
  47:Core/Src/gpio.c ****   /* GPIO Ports Clock Enable */
  48:Core/Src/gpio.c ****   __HAL_RCC_GPIOH_CLK_ENABLE();
  52              		.loc 1 48 3 is_stmt 1 view .LVU3
  53              	.LBB2:
  54              		.loc 1 48 3 view .LVU4
  55 0012 0094     		str	r4, [sp]
  56              		.loc 1 48 3 view .LVU5
  57 0014 174B     		ldr	r3, .L3
  58 0016 1A6B     		ldr	r2, [r3, #48]
  59 0018 42F08002 		orr	r2, r2, #128
  60 001c 1A63     		str	r2, [r3, #48]
  61              		.loc 1 48 3 view .LVU6
  62 001e 1A6B     		ldr	r2, [r3, #48]
  63 0020 02F08002 		and	r2, r2, #128
  64 0024 0092     		str	r2, [sp]
  65              		.loc 1 48 3 view .LVU7
  66 0026 009A     		ldr	r2, [sp]
  67              	.LBE2:
ARM GAS  /tmp/ccEYT8Hw.s 			page 3


  68              		.loc 1 48 3 view .LVU8
  49:Core/Src/gpio.c ****   __HAL_RCC_GPIOA_CLK_ENABLE();
  69              		.loc 1 49 3 view .LVU9
  70              	.LBB3:
  71              		.loc 1 49 3 view .LVU10
  72 0028 0194     		str	r4, [sp, #4]
  73              		.loc 1 49 3 view .LVU11
  74 002a 1A6B     		ldr	r2, [r3, #48]
  75 002c 42F00102 		orr	r2, r2, #1
  76 0030 1A63     		str	r2, [r3, #48]
  77              		.loc 1 49 3 view .LVU12
  78 0032 1A6B     		ldr	r2, [r3, #48]
  79 0034 02F00102 		and	r2, r2, #1
  80 0038 0192     		str	r2, [sp, #4]
  81              		.loc 1 49 3 view .LVU13
  82 003a 019A     		ldr	r2, [sp, #4]
  83              	.LBE3:
  84              		.loc 1 49 3 view .LVU14
  50:Core/Src/gpio.c ****   __HAL_RCC_GPIOB_CLK_ENABLE();
  85              		.loc 1 50 3 view .LVU15
  86              	.LBB4:
  87              		.loc 1 50 3 view .LVU16
  88 003c 0294     		str	r4, [sp, #8]
  89              		.loc 1 50 3 view .LVU17
  90 003e 1A6B     		ldr	r2, [r3, #48]
  91 0040 42F00202 		orr	r2, r2, #2
  92 0044 1A63     		str	r2, [r3, #48]
  93              		.loc 1 50 3 view .LVU18
  94 0046 1B6B     		ldr	r3, [r3, #48]
  95 0048 03F00203 		and	r3, r3, #2
  96 004c 0293     		str	r3, [sp, #8]
  97              		.loc 1 50 3 view .LVU19
  98 004e 029B     		ldr	r3, [sp, #8]
  99              	.LBE4:
 100              		.loc 1 50 3 view .LVU20
  51:Core/Src/gpio.c **** 
  52:Core/Src/gpio.c ****   /*Configure GPIO pin Output Level */
  53:Core/Src/gpio.c ****   HAL_GPIO_WritePin(GPIOB, GPIO_PIN_2, GPIO_PIN_RESET);
 101              		.loc 1 53 3 view .LVU21
 102 0050 094E     		ldr	r6, .L3+4
 103 0052 2246     		mov	r2, r4
 104 0054 0421     		movs	r1, #4
 105 0056 3046     		mov	r0, r6
 106 0058 FFF7FEFF 		bl	HAL_GPIO_WritePin
 107              	.LVL0:
  54:Core/Src/gpio.c **** 
  55:Core/Src/gpio.c ****   /*Configure GPIO pin : PB2 */
  56:Core/Src/gpio.c ****   GPIO_InitStruct.Pin = GPIO_PIN_2;
 108              		.loc 1 56 3 view .LVU22
 109              		.loc 1 56 23 is_stmt 0 view .LVU23
 110 005c 0423     		movs	r3, #4
 111 005e 0393     		str	r3, [sp, #12]
  57:Core/Src/gpio.c ****   GPIO_InitStruct.Mode = GPIO_MODE_OUTPUT_PP;
 112              		.loc 1 57 3 is_stmt 1 view .LVU24
 113              		.loc 1 57 24 is_stmt 0 view .LVU25
 114 0060 0123     		movs	r3, #1
 115 0062 0493     		str	r3, [sp, #16]
ARM GAS  /tmp/ccEYT8Hw.s 			page 4


  58:Core/Src/gpio.c ****   GPIO_InitStruct.Pull = GPIO_NOPULL;
 116              		.loc 1 58 3 is_stmt 1 view .LVU26
 117              		.loc 1 58 24 is_stmt 0 view .LVU27
 118 0064 0594     		str	r4, [sp, #20]
  59:Core/Src/gpio.c ****   GPIO_InitStruct.Speed = GPIO_SPEED_FREQ_LOW;
 119              		.loc 1 59 3 is_stmt 1 view .LVU28
 120              		.loc 1 59 25 is_stmt 0 view .LVU29
 121 0066 0694     		str	r4, [sp, #24]
  60:Core/Src/gpio.c ****   HAL_GPIO_Init(GPIOB, &GPIO_InitStruct);
 122              		.loc 1 60 3 is_stmt 1 view .LVU30
 123 0068 2946     		mov	r1, r5
 124 006a 3046     		mov	r0, r6
 125 006c FFF7FEFF 		bl	HAL_GPIO_Init
 126              	.LVL1:
  61:Core/Src/gpio.c **** 
  62:Core/Src/gpio.c **** }
 127              		.loc 1 62 1 is_stmt 0 view .LVU31
 128 0070 08B0     		add	sp, sp, #32
 129              	.LCFI2:
 130              		.cfi_def_cfa_offset 16
 131              		@ sp needed
 132 0072 70BD     		pop	{r4, r5, r6, pc}
 133              	.L4:
 134              		.align	2
 135              	.L3:
 136 0074 00380240 		.word	1073887232
 137 0078 00040240 		.word	1073873920
 138              		.cfi_endproc
 139              	.LFE239:
 141              		.text
 142              	.Letext0:
 143              		.file 2 "/opt/arm-gnu-toolchain-15.2.rel1-x86_64-arm-none-eabi/arm-none-eabi/include/machine/_defa
 144              		.file 3 "/opt/arm-gnu-toolchain-15.2.rel1-x86_64-arm-none-eabi/arm-none-eabi/include/sys/_stdint.h
 145              		.file 4 "Drivers/CMSIS/Device/ST/STM32F4xx/Include/stm32f405xx.h"
 146              		.file 5 "Drivers/STM32F4xx_HAL_Driver/Inc/stm32f4xx_hal_gpio.h"
ARM GAS  /tmp/ccEYT8Hw.s 			page 5


DEFINED SYMBOLS
                            *ABS*:00000000 gpio.c
     /tmp/ccEYT8Hw.s:21     .text.MX_GPIO_Init:00000000 $t
     /tmp/ccEYT8Hw.s:27     .text.MX_GPIO_Init:00000000 MX_GPIO_Init
     /tmp/ccEYT8Hw.s:136    .text.MX_GPIO_Init:00000074 $d

UNDEFINED SYMBOLS
HAL_GPIO_WritePin
HAL_GPIO_Init
