ARM GAS  /tmp/cctltcMb.s 			page 1


   1              		.cpu cortex-m4
   2              		.arch armv7e-m
   3              		.fpu fpv4-sp-d16
   4              		.eabi_attribute 27, 1
   5              		.eabi_attribute 28, 1
   6              		.eabi_attribute 20, 1
   7              		.eabi_attribute 21, 1
   8              		.eabi_attribute 23, 3
   9              		.eabi_attribute 24, 1
  10              		.eabi_attribute 25, 1
  11              		.eabi_attribute 26, 1
  12              		.eabi_attribute 30, 1
  13              		.eabi_attribute 34, 1
  14              		.eabi_attribute 18, 4
  15              		.file	"tim.c"
  16              		.text
  17              	.Ltext0:
  18              		.cfi_sections	.debug_frame
  19              		.file 1 "Core/Src/tim.c"
  20              		.section	.text.HAL_TIM_PWM_MspInit,"ax",%progbits
  21              		.align	1
  22              		.global	HAL_TIM_PWM_MspInit
  23              		.syntax unified
  24              		.thumb
  25              		.thumb_func
  27              	HAL_TIM_PWM_MspInit:
  28              	.LVL0:
  29              	.LFB240:
   1:Core/Src/tim.c **** /* USER CODE BEGIN Header */
   2:Core/Src/tim.c **** /**
   3:Core/Src/tim.c ****   ******************************************************************************
   4:Core/Src/tim.c ****   * @file    tim.c
   5:Core/Src/tim.c ****   * @brief   This file provides code for the configuration
   6:Core/Src/tim.c ****   *          of the TIM instances.
   7:Core/Src/tim.c ****   ******************************************************************************
   8:Core/Src/tim.c ****   * @attention
   9:Core/Src/tim.c ****   *
  10:Core/Src/tim.c ****   * Copyright (c) 2026 STMicroelectronics.
  11:Core/Src/tim.c ****   * All rights reserved.
  12:Core/Src/tim.c ****   *
  13:Core/Src/tim.c ****   * This software is licensed under terms that can be found in the LICENSE file
  14:Core/Src/tim.c ****   * in the root directory of this software component.
  15:Core/Src/tim.c ****   * If no LICENSE file comes with this software, it is provided AS-IS.
  16:Core/Src/tim.c ****   *
  17:Core/Src/tim.c ****   ******************************************************************************
  18:Core/Src/tim.c ****   */
  19:Core/Src/tim.c **** /* USER CODE END Header */
  20:Core/Src/tim.c **** /* Includes ------------------------------------------------------------------*/
  21:Core/Src/tim.c **** #include "tim.h"
  22:Core/Src/tim.c **** 
  23:Core/Src/tim.c **** /* USER CODE BEGIN 0 */
  24:Core/Src/tim.c **** 
  25:Core/Src/tim.c **** /* USER CODE END 0 */
  26:Core/Src/tim.c **** 
  27:Core/Src/tim.c **** TIM_HandleTypeDef htim3;
  28:Core/Src/tim.c **** 
  29:Core/Src/tim.c **** /* TIM3 init function */
ARM GAS  /tmp/cctltcMb.s 			page 2


  30:Core/Src/tim.c **** void MX_TIM3_Init(void)
  31:Core/Src/tim.c **** {
  32:Core/Src/tim.c **** 
  33:Core/Src/tim.c ****   /* USER CODE BEGIN TIM3_Init 0 */
  34:Core/Src/tim.c **** 
  35:Core/Src/tim.c ****   /* USER CODE END TIM3_Init 0 */
  36:Core/Src/tim.c **** 
  37:Core/Src/tim.c ****   TIM_MasterConfigTypeDef sMasterConfig = {0};
  38:Core/Src/tim.c ****   TIM_OC_InitTypeDef sConfigOC = {0};
  39:Core/Src/tim.c **** 
  40:Core/Src/tim.c ****   /* USER CODE BEGIN TIM3_Init 1 */
  41:Core/Src/tim.c **** 
  42:Core/Src/tim.c ****   /* USER CODE END TIM3_Init 1 */
  43:Core/Src/tim.c ****   htim3.Instance = TIM3;
  44:Core/Src/tim.c ****   htim3.Init.Prescaler = 0;
  45:Core/Src/tim.c ****   htim3.Init.CounterMode = TIM_COUNTERMODE_UP;
  46:Core/Src/tim.c ****   htim3.Init.Period = 65535;
  47:Core/Src/tim.c ****   htim3.Init.ClockDivision = TIM_CLOCKDIVISION_DIV1;
  48:Core/Src/tim.c ****   htim3.Init.AutoReloadPreload = TIM_AUTORELOAD_PRELOAD_DISABLE;
  49:Core/Src/tim.c ****   if (HAL_TIM_PWM_Init(&htim3) != HAL_OK)
  50:Core/Src/tim.c ****   {
  51:Core/Src/tim.c ****     Error_Handler();
  52:Core/Src/tim.c ****   }
  53:Core/Src/tim.c ****   sMasterConfig.MasterOutputTrigger = TIM_TRGO_RESET;
  54:Core/Src/tim.c ****   sMasterConfig.MasterSlaveMode = TIM_MASTERSLAVEMODE_DISABLE;
  55:Core/Src/tim.c ****   if (HAL_TIMEx_MasterConfigSynchronization(&htim3, &sMasterConfig) != HAL_OK)
  56:Core/Src/tim.c ****   {
  57:Core/Src/tim.c ****     Error_Handler();
  58:Core/Src/tim.c ****   }
  59:Core/Src/tim.c ****   sConfigOC.OCMode = TIM_OCMODE_PWM1;
  60:Core/Src/tim.c ****   sConfigOC.Pulse = 0;
  61:Core/Src/tim.c ****   sConfigOC.OCPolarity = TIM_OCPOLARITY_HIGH;
  62:Core/Src/tim.c ****   sConfigOC.OCFastMode = TIM_OCFAST_DISABLE;
  63:Core/Src/tim.c ****   if (HAL_TIM_PWM_ConfigChannel(&htim3, &sConfigOC, TIM_CHANNEL_1) != HAL_OK)
  64:Core/Src/tim.c ****   {
  65:Core/Src/tim.c ****     Error_Handler();
  66:Core/Src/tim.c ****   }
  67:Core/Src/tim.c ****   /* USER CODE BEGIN TIM3_Init 2 */
  68:Core/Src/tim.c **** 
  69:Core/Src/tim.c ****   /* USER CODE END TIM3_Init 2 */
  70:Core/Src/tim.c ****   HAL_TIM_MspPostInit(&htim3);
  71:Core/Src/tim.c **** 
  72:Core/Src/tim.c **** }
  73:Core/Src/tim.c **** 
  74:Core/Src/tim.c **** void HAL_TIM_PWM_MspInit(TIM_HandleTypeDef* tim_pwmHandle)
  75:Core/Src/tim.c **** {
  30              		.loc 1 75 1 view -0
  31              		.cfi_startproc
  32              		@ args = 0, pretend = 0, frame = 8
  33              		@ frame_needed = 0, uses_anonymous_args = 0
  34              		@ link register save eliminated.
  76:Core/Src/tim.c **** 
  77:Core/Src/tim.c ****   if(tim_pwmHandle->Instance==TIM3)
  35              		.loc 1 77 3 view .LVU1
  36              		.loc 1 77 19 is_stmt 0 view .LVU2
  37 0000 0268     		ldr	r2, [r0]
  38              		.loc 1 77 5 view .LVU3
ARM GAS  /tmp/cctltcMb.s 			page 3


  39 0002 094B     		ldr	r3, .L8
  40 0004 9A42     		cmp	r2, r3
  41 0006 00D0     		beq	.L7
  42 0008 7047     		bx	lr
  43              	.L7:
  75:Core/Src/tim.c **** 
  44              		.loc 1 75 1 view .LVU4
  45 000a 82B0     		sub	sp, sp, #8
  46              	.LCFI0:
  47              		.cfi_def_cfa_offset 8
  78:Core/Src/tim.c ****   {
  79:Core/Src/tim.c ****   /* USER CODE BEGIN TIM3_MspInit 0 */
  80:Core/Src/tim.c **** 
  81:Core/Src/tim.c ****   /* USER CODE END TIM3_MspInit 0 */
  82:Core/Src/tim.c ****     /* TIM3 clock enable */
  83:Core/Src/tim.c ****     __HAL_RCC_TIM3_CLK_ENABLE();
  48              		.loc 1 83 5 is_stmt 1 view .LVU5
  49              	.LBB2:
  50              		.loc 1 83 5 view .LVU6
  51 000c 0023     		movs	r3, #0
  52 000e 0193     		str	r3, [sp, #4]
  53              		.loc 1 83 5 view .LVU7
  54 0010 064B     		ldr	r3, .L8+4
  55 0012 1A6C     		ldr	r2, [r3, #64]
  56 0014 42F00202 		orr	r2, r2, #2
  57 0018 1A64     		str	r2, [r3, #64]
  58              		.loc 1 83 5 view .LVU8
  59 001a 1B6C     		ldr	r3, [r3, #64]
  60 001c 03F00203 		and	r3, r3, #2
  61 0020 0193     		str	r3, [sp, #4]
  62              		.loc 1 83 5 view .LVU9
  63 0022 019B     		ldr	r3, [sp, #4]
  64              	.LBE2:
  65              		.loc 1 83 5 view .LVU10
  84:Core/Src/tim.c ****   /* USER CODE BEGIN TIM3_MspInit 1 */
  85:Core/Src/tim.c **** 
  86:Core/Src/tim.c ****   /* USER CODE END TIM3_MspInit 1 */
  87:Core/Src/tim.c ****   }
  88:Core/Src/tim.c **** }
  66              		.loc 1 88 1 is_stmt 0 view .LVU11
  67 0024 02B0     		add	sp, sp, #8
  68              	.LCFI1:
  69              		.cfi_def_cfa_offset 0
  70              		@ sp needed
  71 0026 7047     		bx	lr
  72              	.L9:
  73              		.align	2
  74              	.L8:
  75 0028 00040040 		.word	1073742848
  76 002c 00380240 		.word	1073887232
  77              		.cfi_endproc
  78              	.LFE240:
  80              		.section	.text.HAL_TIM_MspPostInit,"ax",%progbits
  81              		.align	1
  82              		.global	HAL_TIM_MspPostInit
  83              		.syntax unified
  84              		.thumb
ARM GAS  /tmp/cctltcMb.s 			page 4


  85              		.thumb_func
  87              	HAL_TIM_MspPostInit:
  88              	.LVL1:
  89              	.LFB241:
  89:Core/Src/tim.c **** void HAL_TIM_MspPostInit(TIM_HandleTypeDef* timHandle)
  90:Core/Src/tim.c **** {
  90              		.loc 1 90 1 is_stmt 1 view -0
  91              		.cfi_startproc
  92              		@ args = 0, pretend = 0, frame = 24
  93              		@ frame_needed = 0, uses_anonymous_args = 0
  94              		.loc 1 90 1 is_stmt 0 view .LVU13
  95 0000 00B5     		push	{lr}
  96              	.LCFI2:
  97              		.cfi_def_cfa_offset 4
  98              		.cfi_offset 14, -4
  99 0002 87B0     		sub	sp, sp, #28
 100              	.LCFI3:
 101              		.cfi_def_cfa_offset 32
  91:Core/Src/tim.c **** 
  92:Core/Src/tim.c ****   GPIO_InitTypeDef GPIO_InitStruct = {0};
 102              		.loc 1 92 3 is_stmt 1 view .LVU14
 103              		.loc 1 92 20 is_stmt 0 view .LVU15
 104 0004 0023     		movs	r3, #0
 105 0006 0193     		str	r3, [sp, #4]
 106 0008 0293     		str	r3, [sp, #8]
 107 000a 0393     		str	r3, [sp, #12]
 108 000c 0493     		str	r3, [sp, #16]
 109 000e 0593     		str	r3, [sp, #20]
  93:Core/Src/tim.c ****   if(timHandle->Instance==TIM3)
 110              		.loc 1 93 3 is_stmt 1 view .LVU16
 111              		.loc 1 93 15 is_stmt 0 view .LVU17
 112 0010 0268     		ldr	r2, [r0]
 113              		.loc 1 93 5 view .LVU18
 114 0012 0D4B     		ldr	r3, .L14
 115 0014 9A42     		cmp	r2, r3
 116 0016 01D0     		beq	.L13
 117              	.LVL2:
 118              	.L10:
  94:Core/Src/tim.c ****   {
  95:Core/Src/tim.c ****   /* USER CODE BEGIN TIM3_MspPostInit 0 */
  96:Core/Src/tim.c **** 
  97:Core/Src/tim.c ****   /* USER CODE END TIM3_MspPostInit 0 */
  98:Core/Src/tim.c **** 
  99:Core/Src/tim.c ****     __HAL_RCC_GPIOA_CLK_ENABLE();
 100:Core/Src/tim.c ****     /**TIM3 GPIO Configuration
 101:Core/Src/tim.c ****     PA6     ------> TIM3_CH1
 102:Core/Src/tim.c ****     */
 103:Core/Src/tim.c ****     GPIO_InitStruct.Pin = GPIO_PIN_6;
 104:Core/Src/tim.c ****     GPIO_InitStruct.Mode = GPIO_MODE_AF_PP;
 105:Core/Src/tim.c ****     GPIO_InitStruct.Pull = GPIO_NOPULL;
 106:Core/Src/tim.c ****     GPIO_InitStruct.Speed = GPIO_SPEED_FREQ_LOW;
 107:Core/Src/tim.c ****     GPIO_InitStruct.Alternate = GPIO_AF2_TIM3;
 108:Core/Src/tim.c ****     HAL_GPIO_Init(GPIOA, &GPIO_InitStruct);
 109:Core/Src/tim.c **** 
 110:Core/Src/tim.c ****   /* USER CODE BEGIN TIM3_MspPostInit 1 */
 111:Core/Src/tim.c **** 
 112:Core/Src/tim.c ****   /* USER CODE END TIM3_MspPostInit 1 */
ARM GAS  /tmp/cctltcMb.s 			page 5


 113:Core/Src/tim.c ****   }
 114:Core/Src/tim.c **** 
 115:Core/Src/tim.c **** }
 119              		.loc 1 115 1 view .LVU19
 120 0018 07B0     		add	sp, sp, #28
 121              	.LCFI4:
 122              		.cfi_remember_state
 123              		.cfi_def_cfa_offset 4
 124              		@ sp needed
 125 001a 00BD     		pop	{pc}
 126              	.LVL3:
 127              	.L13:
 128              	.LCFI5:
 129              		.cfi_restore_state
  99:Core/Src/tim.c ****     /**TIM3 GPIO Configuration
 130              		.loc 1 99 5 is_stmt 1 view .LVU20
 131              	.LBB3:
  99:Core/Src/tim.c ****     /**TIM3 GPIO Configuration
 132              		.loc 1 99 5 view .LVU21
 133 001c 0023     		movs	r3, #0
 134 001e 0093     		str	r3, [sp]
  99:Core/Src/tim.c ****     /**TIM3 GPIO Configuration
 135              		.loc 1 99 5 view .LVU22
 136 0020 0A4B     		ldr	r3, .L14+4
 137 0022 1A6B     		ldr	r2, [r3, #48]
 138 0024 42F00102 		orr	r2, r2, #1
 139 0028 1A63     		str	r2, [r3, #48]
  99:Core/Src/tim.c ****     /**TIM3 GPIO Configuration
 140              		.loc 1 99 5 view .LVU23
 141 002a 1B6B     		ldr	r3, [r3, #48]
 142 002c 03F00103 		and	r3, r3, #1
 143 0030 0093     		str	r3, [sp]
  99:Core/Src/tim.c ****     /**TIM3 GPIO Configuration
 144              		.loc 1 99 5 view .LVU24
 145 0032 009B     		ldr	r3, [sp]
 146              	.LBE3:
  99:Core/Src/tim.c ****     /**TIM3 GPIO Configuration
 147              		.loc 1 99 5 view .LVU25
 103:Core/Src/tim.c ****     GPIO_InitStruct.Mode = GPIO_MODE_AF_PP;
 148              		.loc 1 103 5 view .LVU26
 103:Core/Src/tim.c ****     GPIO_InitStruct.Mode = GPIO_MODE_AF_PP;
 149              		.loc 1 103 25 is_stmt 0 view .LVU27
 150 0034 4023     		movs	r3, #64
 151 0036 0193     		str	r3, [sp, #4]
 104:Core/Src/tim.c ****     GPIO_InitStruct.Pull = GPIO_NOPULL;
 152              		.loc 1 104 5 is_stmt 1 view .LVU28
 104:Core/Src/tim.c ****     GPIO_InitStruct.Pull = GPIO_NOPULL;
 153              		.loc 1 104 26 is_stmt 0 view .LVU29
 154 0038 0223     		movs	r3, #2
 155 003a 0293     		str	r3, [sp, #8]
 105:Core/Src/tim.c ****     GPIO_InitStruct.Speed = GPIO_SPEED_FREQ_LOW;
 156              		.loc 1 105 5 is_stmt 1 view .LVU30
 106:Core/Src/tim.c ****     GPIO_InitStruct.Alternate = GPIO_AF2_TIM3;
 157              		.loc 1 106 5 view .LVU31
 107:Core/Src/tim.c ****     HAL_GPIO_Init(GPIOA, &GPIO_InitStruct);
 158              		.loc 1 107 5 view .LVU32
 107:Core/Src/tim.c ****     HAL_GPIO_Init(GPIOA, &GPIO_InitStruct);
ARM GAS  /tmp/cctltcMb.s 			page 6


 159              		.loc 1 107 31 is_stmt 0 view .LVU33
 160 003c 0593     		str	r3, [sp, #20]
 108:Core/Src/tim.c **** 
 161              		.loc 1 108 5 is_stmt 1 view .LVU34
 162 003e 01A9     		add	r1, sp, #4
 163 0040 0348     		ldr	r0, .L14+8
 164              	.LVL4:
 108:Core/Src/tim.c **** 
 165              		.loc 1 108 5 is_stmt 0 view .LVU35
 166 0042 FFF7FEFF 		bl	HAL_GPIO_Init
 167              	.LVL5:
 168              		.loc 1 115 1 view .LVU36
 169 0046 E7E7     		b	.L10
 170              	.L15:
 171              		.align	2
 172              	.L14:
 173 0048 00040040 		.word	1073742848
 174 004c 00380240 		.word	1073887232
 175 0050 00000240 		.word	1073872896
 176              		.cfi_endproc
 177              	.LFE241:
 179              		.section	.text.MX_TIM3_Init,"ax",%progbits
 180              		.align	1
 181              		.global	MX_TIM3_Init
 182              		.syntax unified
 183              		.thumb
 184              		.thumb_func
 186              	MX_TIM3_Init:
 187              	.LFB239:
  31:Core/Src/tim.c **** 
 188              		.loc 1 31 1 is_stmt 1 view -0
 189              		.cfi_startproc
 190              		@ args = 0, pretend = 0, frame = 40
 191              		@ frame_needed = 0, uses_anonymous_args = 0
 192 0000 00B5     		push	{lr}
 193              	.LCFI6:
 194              		.cfi_def_cfa_offset 4
 195              		.cfi_offset 14, -4
 196 0002 8BB0     		sub	sp, sp, #44
 197              	.LCFI7:
 198              		.cfi_def_cfa_offset 48
  37:Core/Src/tim.c ****   TIM_OC_InitTypeDef sConfigOC = {0};
 199              		.loc 1 37 3 view .LVU38
  37:Core/Src/tim.c ****   TIM_OC_InitTypeDef sConfigOC = {0};
 200              		.loc 1 37 27 is_stmt 0 view .LVU39
 201 0004 0023     		movs	r3, #0
 202 0006 0893     		str	r3, [sp, #32]
 203 0008 0993     		str	r3, [sp, #36]
  38:Core/Src/tim.c **** 
 204              		.loc 1 38 3 is_stmt 1 view .LVU40
  38:Core/Src/tim.c **** 
 205              		.loc 1 38 22 is_stmt 0 view .LVU41
 206 000a 0193     		str	r3, [sp, #4]
 207 000c 0293     		str	r3, [sp, #8]
 208 000e 0393     		str	r3, [sp, #12]
 209 0010 0493     		str	r3, [sp, #16]
 210 0012 0593     		str	r3, [sp, #20]
ARM GAS  /tmp/cctltcMb.s 			page 7


 211 0014 0693     		str	r3, [sp, #24]
 212 0016 0793     		str	r3, [sp, #28]
  43:Core/Src/tim.c ****   htim3.Init.Prescaler = 0;
 213              		.loc 1 43 3 is_stmt 1 view .LVU42
  43:Core/Src/tim.c ****   htim3.Init.Prescaler = 0;
 214              		.loc 1 43 18 is_stmt 0 view .LVU43
 215 0018 1648     		ldr	r0, .L24
 216 001a 174A     		ldr	r2, .L24+4
 217 001c 0260     		str	r2, [r0]
  44:Core/Src/tim.c ****   htim3.Init.CounterMode = TIM_COUNTERMODE_UP;
 218              		.loc 1 44 3 is_stmt 1 view .LVU44
  44:Core/Src/tim.c ****   htim3.Init.CounterMode = TIM_COUNTERMODE_UP;
 219              		.loc 1 44 24 is_stmt 0 view .LVU45
 220 001e 4360     		str	r3, [r0, #4]
  45:Core/Src/tim.c ****   htim3.Init.Period = 65535;
 221              		.loc 1 45 3 is_stmt 1 view .LVU46
  45:Core/Src/tim.c ****   htim3.Init.Period = 65535;
 222              		.loc 1 45 26 is_stmt 0 view .LVU47
 223 0020 8360     		str	r3, [r0, #8]
  46:Core/Src/tim.c ****   htim3.Init.ClockDivision = TIM_CLOCKDIVISION_DIV1;
 224              		.loc 1 46 3 is_stmt 1 view .LVU48
  46:Core/Src/tim.c ****   htim3.Init.ClockDivision = TIM_CLOCKDIVISION_DIV1;
 225              		.loc 1 46 21 is_stmt 0 view .LVU49
 226 0022 4FF6FF72 		movw	r2, #65535
 227 0026 C260     		str	r2, [r0, #12]
  47:Core/Src/tim.c ****   htim3.Init.AutoReloadPreload = TIM_AUTORELOAD_PRELOAD_DISABLE;
 228              		.loc 1 47 3 is_stmt 1 view .LVU50
  47:Core/Src/tim.c ****   htim3.Init.AutoReloadPreload = TIM_AUTORELOAD_PRELOAD_DISABLE;
 229              		.loc 1 47 28 is_stmt 0 view .LVU51
 230 0028 0361     		str	r3, [r0, #16]
  48:Core/Src/tim.c ****   if (HAL_TIM_PWM_Init(&htim3) != HAL_OK)
 231              		.loc 1 48 3 is_stmt 1 view .LVU52
  48:Core/Src/tim.c ****   if (HAL_TIM_PWM_Init(&htim3) != HAL_OK)
 232              		.loc 1 48 32 is_stmt 0 view .LVU53
 233 002a 8361     		str	r3, [r0, #24]
  49:Core/Src/tim.c ****   {
 234              		.loc 1 49 3 is_stmt 1 view .LVU54
  49:Core/Src/tim.c ****   {
 235              		.loc 1 49 7 is_stmt 0 view .LVU55
 236 002c FFF7FEFF 		bl	HAL_TIM_PWM_Init
 237              	.LVL6:
  49:Core/Src/tim.c ****   {
 238              		.loc 1 49 6 discriminator 1 view .LVU56
 239 0030 B8B9     		cbnz	r0, .L21
 240              	.L17:
  53:Core/Src/tim.c ****   sMasterConfig.MasterSlaveMode = TIM_MASTERSLAVEMODE_DISABLE;
 241              		.loc 1 53 3 is_stmt 1 view .LVU57
  53:Core/Src/tim.c ****   sMasterConfig.MasterSlaveMode = TIM_MASTERSLAVEMODE_DISABLE;
 242              		.loc 1 53 37 is_stmt 0 view .LVU58
 243 0032 0023     		movs	r3, #0
 244 0034 0893     		str	r3, [sp, #32]
  54:Core/Src/tim.c ****   if (HAL_TIMEx_MasterConfigSynchronization(&htim3, &sMasterConfig) != HAL_OK)
 245              		.loc 1 54 3 is_stmt 1 view .LVU59
  54:Core/Src/tim.c ****   if (HAL_TIMEx_MasterConfigSynchronization(&htim3, &sMasterConfig) != HAL_OK)
 246              		.loc 1 54 33 is_stmt 0 view .LVU60
 247 0036 0993     		str	r3, [sp, #36]
  55:Core/Src/tim.c ****   {
ARM GAS  /tmp/cctltcMb.s 			page 8


 248              		.loc 1 55 3 is_stmt 1 view .LVU61
  55:Core/Src/tim.c ****   {
 249              		.loc 1 55 7 is_stmt 0 view .LVU62
 250 0038 08A9     		add	r1, sp, #32
 251 003a 0E48     		ldr	r0, .L24
 252 003c FFF7FEFF 		bl	HAL_TIMEx_MasterConfigSynchronization
 253              	.LVL7:
  55:Core/Src/tim.c ****   {
 254              		.loc 1 55 6 discriminator 1 view .LVU63
 255 0040 90B9     		cbnz	r0, .L22
 256              	.L18:
  59:Core/Src/tim.c ****   sConfigOC.Pulse = 0;
 257              		.loc 1 59 3 is_stmt 1 view .LVU64
  59:Core/Src/tim.c ****   sConfigOC.Pulse = 0;
 258              		.loc 1 59 20 is_stmt 0 view .LVU65
 259 0042 6023     		movs	r3, #96
 260 0044 0193     		str	r3, [sp, #4]
  60:Core/Src/tim.c ****   sConfigOC.OCPolarity = TIM_OCPOLARITY_HIGH;
 261              		.loc 1 60 3 is_stmt 1 view .LVU66
  60:Core/Src/tim.c ****   sConfigOC.OCPolarity = TIM_OCPOLARITY_HIGH;
 262              		.loc 1 60 19 is_stmt 0 view .LVU67
 263 0046 0022     		movs	r2, #0
 264 0048 0292     		str	r2, [sp, #8]
  61:Core/Src/tim.c ****   sConfigOC.OCFastMode = TIM_OCFAST_DISABLE;
 265              		.loc 1 61 3 is_stmt 1 view .LVU68
  61:Core/Src/tim.c ****   sConfigOC.OCFastMode = TIM_OCFAST_DISABLE;
 266              		.loc 1 61 24 is_stmt 0 view .LVU69
 267 004a 0392     		str	r2, [sp, #12]
  62:Core/Src/tim.c ****   if (HAL_TIM_PWM_ConfigChannel(&htim3, &sConfigOC, TIM_CHANNEL_1) != HAL_OK)
 268              		.loc 1 62 3 is_stmt 1 view .LVU70
  62:Core/Src/tim.c ****   if (HAL_TIM_PWM_ConfigChannel(&htim3, &sConfigOC, TIM_CHANNEL_1) != HAL_OK)
 269              		.loc 1 62 24 is_stmt 0 view .LVU71
 270 004c 0592     		str	r2, [sp, #20]
  63:Core/Src/tim.c ****   {
 271              		.loc 1 63 3 is_stmt 1 view .LVU72
  63:Core/Src/tim.c ****   {
 272              		.loc 1 63 7 is_stmt 0 view .LVU73
 273 004e 01A9     		add	r1, sp, #4
 274 0050 0848     		ldr	r0, .L24
 275 0052 FFF7FEFF 		bl	HAL_TIM_PWM_ConfigChannel
 276              	.LVL8:
  63:Core/Src/tim.c ****   {
 277              		.loc 1 63 6 discriminator 1 view .LVU74
 278 0056 50B9     		cbnz	r0, .L23
 279              	.L19:
  70:Core/Src/tim.c **** 
 280              		.loc 1 70 3 is_stmt 1 view .LVU75
 281 0058 0648     		ldr	r0, .L24
 282 005a FFF7FEFF 		bl	HAL_TIM_MspPostInit
 283              	.LVL9:
  72:Core/Src/tim.c **** 
 284              		.loc 1 72 1 is_stmt 0 view .LVU76
 285 005e 0BB0     		add	sp, sp, #44
 286              	.LCFI8:
 287              		.cfi_remember_state
 288              		.cfi_def_cfa_offset 4
 289              		@ sp needed
ARM GAS  /tmp/cctltcMb.s 			page 9


 290 0060 00BD     		pop	{pc}
 291              	.L21:
 292              	.LCFI9:
 293              		.cfi_restore_state
  51:Core/Src/tim.c ****   }
 294              		.loc 1 51 5 is_stmt 1 view .LVU77
 295 0062 FFF7FEFF 		bl	Error_Handler
 296              	.LVL10:
 297 0066 E4E7     		b	.L17
 298              	.L22:
  57:Core/Src/tim.c ****   }
 299              		.loc 1 57 5 view .LVU78
 300 0068 FFF7FEFF 		bl	Error_Handler
 301              	.LVL11:
 302 006c E9E7     		b	.L18
 303              	.L23:
  65:Core/Src/tim.c ****   }
 304              		.loc 1 65 5 view .LVU79
 305 006e FFF7FEFF 		bl	Error_Handler
 306              	.LVL12:
 307 0072 F1E7     		b	.L19
 308              	.L25:
 309              		.align	2
 310              	.L24:
 311 0074 00000000 		.word	htim3
 312 0078 00040040 		.word	1073742848
 313              		.cfi_endproc
 314              	.LFE239:
 316              		.section	.text.HAL_TIM_PWM_MspDeInit,"ax",%progbits
 317              		.align	1
 318              		.global	HAL_TIM_PWM_MspDeInit
 319              		.syntax unified
 320              		.thumb
 321              		.thumb_func
 323              	HAL_TIM_PWM_MspDeInit:
 324              	.LVL13:
 325              	.LFB242:
 116:Core/Src/tim.c **** 
 117:Core/Src/tim.c **** void HAL_TIM_PWM_MspDeInit(TIM_HandleTypeDef* tim_pwmHandle)
 118:Core/Src/tim.c **** {
 326              		.loc 1 118 1 view -0
 327              		.cfi_startproc
 328              		@ args = 0, pretend = 0, frame = 0
 329              		@ frame_needed = 0, uses_anonymous_args = 0
 330              		@ link register save eliminated.
 119:Core/Src/tim.c **** 
 120:Core/Src/tim.c ****   if(tim_pwmHandle->Instance==TIM3)
 331              		.loc 1 120 3 view .LVU81
 332              		.loc 1 120 19 is_stmt 0 view .LVU82
 333 0000 0268     		ldr	r2, [r0]
 334              		.loc 1 120 5 view .LVU83
 335 0002 054B     		ldr	r3, .L29
 336 0004 9A42     		cmp	r2, r3
 337 0006 00D0     		beq	.L28
 338              	.L26:
 121:Core/Src/tim.c ****   {
 122:Core/Src/tim.c ****   /* USER CODE BEGIN TIM3_MspDeInit 0 */
ARM GAS  /tmp/cctltcMb.s 			page 10


 123:Core/Src/tim.c **** 
 124:Core/Src/tim.c ****   /* USER CODE END TIM3_MspDeInit 0 */
 125:Core/Src/tim.c ****     /* Peripheral clock disable */
 126:Core/Src/tim.c ****     __HAL_RCC_TIM3_CLK_DISABLE();
 127:Core/Src/tim.c ****   /* USER CODE BEGIN TIM3_MspDeInit 1 */
 128:Core/Src/tim.c **** 
 129:Core/Src/tim.c ****   /* USER CODE END TIM3_MspDeInit 1 */
 130:Core/Src/tim.c ****   }
 131:Core/Src/tim.c **** }
 339              		.loc 1 131 1 view .LVU84
 340 0008 7047     		bx	lr
 341              	.L28:
 126:Core/Src/tim.c ****   /* USER CODE BEGIN TIM3_MspDeInit 1 */
 342              		.loc 1 126 5 is_stmt 1 view .LVU85
 343 000a 044A     		ldr	r2, .L29+4
 344 000c 136C     		ldr	r3, [r2, #64]
 345 000e 23F00203 		bic	r3, r3, #2
 346 0012 1364     		str	r3, [r2, #64]
 347              		.loc 1 131 1 is_stmt 0 view .LVU86
 348 0014 F8E7     		b	.L26
 349              	.L30:
 350 0016 00BF     		.align	2
 351              	.L29:
 352 0018 00040040 		.word	1073742848
 353 001c 00380240 		.word	1073887232
 354              		.cfi_endproc
 355              	.LFE242:
 357              		.global	htim3
 358              		.section	.bss.htim3,"aw",%nobits
 359              		.align	2
 362              	htim3:
 363 0000 00000000 		.space	72
 363      00000000 
 363      00000000 
 363      00000000 
 363      00000000 
 364              		.text
 365              	.Letext0:
 366              		.file 2 "/opt/arm-gnu-toolchain-15.2.rel1-x86_64-arm-none-eabi/arm-none-eabi/include/machine/_defa
 367              		.file 3 "/opt/arm-gnu-toolchain-15.2.rel1-x86_64-arm-none-eabi/arm-none-eabi/include/sys/_stdint.h
 368              		.file 4 "Drivers/CMSIS/Device/ST/STM32F4xx/Include/stm32f405xx.h"
 369              		.file 5 "Drivers/STM32F4xx_HAL_Driver/Inc/stm32f4xx_hal_def.h"
 370              		.file 6 "Drivers/STM32F4xx_HAL_Driver/Inc/stm32f4xx_hal_gpio.h"
 371              		.file 7 "Drivers/STM32F4xx_HAL_Driver/Inc/stm32f4xx_hal_dma.h"
 372              		.file 8 "Drivers/STM32F4xx_HAL_Driver/Inc/stm32f4xx_hal_tim.h"
 373              		.file 9 "Drivers/STM32F4xx_HAL_Driver/Inc/stm32f4xx_hal_tim_ex.h"
 374              		.file 10 "Core/Inc/tim.h"
 375              		.file 11 "Core/Inc/main.h"
ARM GAS  /tmp/cctltcMb.s 			page 11


DEFINED SYMBOLS
                            *ABS*:00000000 tim.c
     /tmp/cctltcMb.s:21     .text.HAL_TIM_PWM_MspInit:00000000 $t
     /tmp/cctltcMb.s:27     .text.HAL_TIM_PWM_MspInit:00000000 HAL_TIM_PWM_MspInit
     /tmp/cctltcMb.s:75     .text.HAL_TIM_PWM_MspInit:00000028 $d
     /tmp/cctltcMb.s:81     .text.HAL_TIM_MspPostInit:00000000 $t
     /tmp/cctltcMb.s:87     .text.HAL_TIM_MspPostInit:00000000 HAL_TIM_MspPostInit
     /tmp/cctltcMb.s:173    .text.HAL_TIM_MspPostInit:00000048 $d
     /tmp/cctltcMb.s:180    .text.MX_TIM3_Init:00000000 $t
     /tmp/cctltcMb.s:186    .text.MX_TIM3_Init:00000000 MX_TIM3_Init
     /tmp/cctltcMb.s:311    .text.MX_TIM3_Init:00000074 $d
     /tmp/cctltcMb.s:362    .bss.htim3:00000000 htim3
     /tmp/cctltcMb.s:317    .text.HAL_TIM_PWM_MspDeInit:00000000 $t
     /tmp/cctltcMb.s:323    .text.HAL_TIM_PWM_MspDeInit:00000000 HAL_TIM_PWM_MspDeInit
     /tmp/cctltcMb.s:352    .text.HAL_TIM_PWM_MspDeInit:00000018 $d
     /tmp/cctltcMb.s:359    .bss.htim3:00000000 $d

UNDEFINED SYMBOLS
HAL_GPIO_Init
HAL_TIM_PWM_Init
HAL_TIMEx_MasterConfigSynchronization
HAL_TIM_PWM_ConfigChannel
Error_Handler
